Flow report for bilinear
Sun Jan 15 16:07:41 2012
Quartus II Version 8.1 Build 163 10/28/2008 SJ Full Version


---------------------
; Table of Contents ;
---------------------
  1. Legal Notice
  2. Flow Summary
  3. Flow Settings
  4. Flow Non-Default Global Settings
  5. Flow Elapsed Time
  6. Flow OS Summary
  7. Flow Log



----------------
; Legal Notice ;
----------------
Copyright (C) 1991-2008 Altera Corporation
Your use of Altera Corporation's design tools, logic functions 
and other software and tools, and its AMPP partner logic 
functions, and any output files from any of the foregoing 
(including device programming or simulation files), and any 
associated documentation or information are expressly subject 
to the terms and conditions of the Altera Program License 
Subscription Agreement, Altera MegaCore Function License 
Agreement, or other applicable license agreement, including, 
without limitation, that your use is for the sole purpose of 
programming logic devices manufactured by Altera and sold by 
Altera or its authorized distributors.  Please refer to the 
applicable agreement for further details.



+-------------------------------------------------------------------------------+
; Flow Summary                                                                  ;
+------------------------------------+------------------------------------------+
; Flow Status                        ; Successful - Sun Jan 15 16:07:23 2012    ;
; Quartus II Version                 ; 8.1 Build 163 10/28/2008 SJ Full Version ;
; Revision Name                      ; bilinear                                 ;
; Top-level Entity Name              ; top                                      ;
; Family                             ; Cyclone III                              ;
; Device                             ; EP3C16F484C8                             ;
; Timing Models                      ; Final                                    ;
; Met timing requirements            ; N/A                                      ;
; Total logic elements               ; 1,697 / 15,408 ( 11 % )                  ;
;     Total combinational functions  ; 1,326 / 15,408 ( 9 % )                   ;
;     Dedicated logic registers      ; 1,311 / 15,408 ( 9 % )                   ;
; Total registers                    ; 1311                                     ;
; Total pins                         ; 76 / 347 ( 22 % )                        ;
; Total virtual pins                 ; 0                                        ;
; Total memory bits                  ; 90,162 / 516,096 ( 17 % )                ;
; Embedded Multiplier 9-bit elements ; 21 / 112 ( 19 % )                        ;
; Total PLLs                         ; 1 / 4 ( 25 % )                           ;
+------------------------------------+------------------------------------------+


+-----------------------------------------+
; Flow Settings                           ;
+-------------------+---------------------+
; Option            ; Setting             ;
+-------------------+---------------------+
; Start date & time ; 01/15/2012 16:05:48 ;
; Main task         ; Compilation         ;
; Revision Name     ; bilinear            ;
+-------------------+---------------------+


+-----------------------------------------------------------------------------------------------------------------------------------------------+
; Flow Non-Default Global Settings                                                                                                              ;
+------------------------------------+-----------------------------------------------------------+---------------+-------------+----------------+
; Assignment Name                    ; Value                                                     ; Default Value ; Entity Name ; Section Id     ;
+------------------------------------+-----------------------------------------------------------+---------------+-------------+----------------+
; COMPILER_SIGNATURE_ID              ; 112962699131.132661474804580                              ; --            ; --          ; --             ;
; ENABLE_ADVANCED_IO_TIMING          ; On                                                        ; --            ; --          ; --             ;
; MAX_CORE_JUNCTION_TEMP             ; 85                                                        ; --            ; --          ; --             ;
; MIN_CORE_JUNCTION_TEMP             ; 0                                                         ; --            ; --          ; --             ;
; MISC_FILE                          ; I:/cloud/dm642/firmware/blinear2/project/bilinear.dpf     ; --            ; --          ; --             ;
; MISC_FILE                          ; E:/work/dm642/firmware/fpga/blinear2/project/bilinear.dpf ; --            ; --          ; --             ;
; NOMINAL_CORE_SUPPLY_VOLTAGE        ; 1.2V                                                      ; --            ; --          ; --             ;
; PARTITION_COLOR                    ; 16764057                                                  ; --            ; top         ; Top            ;
; PARTITION_NETLIST_TYPE             ; SOURCE                                                    ; --            ; top         ; Top            ;
; TOP_LEVEL_ENTITY                   ; top                                                       ; bilinear      ; --          ; --             ;
; USE_GENERATED_PHYSICAL_CONSTRAINTS ; Off                                                       ; --            ; --          ; eda_blast_fpga ;
+------------------------------------+-----------------------------------------------------------+---------------+-------------+----------------+


+-------------------------------------------------------------------------------------------------------------------------------+
; Flow Elapsed Time                                                                                                             ;
+---------------------------+--------------+-------------------------+---------------------+------------------------------------+
; Module Name               ; Elapsed Time ; Average Processors Used ; Peak Virtual Memory ; Total CPU Time (on all processors) ;
+---------------------------+--------------+-------------------------+---------------------+------------------------------------+
; Analysis & Synthesis      ; 00:00:31     ; 1.0                     ; 184 MB              ; 00:00:26                           ;
; Fitter                    ; 00:00:46     ; 1.0                     ; 276 MB              ; 00:00:38                           ;
; Assembler                 ; 00:00:06     ; 1.0                     ; 181 MB              ; 00:00:04                           ;
; TimeQuest Timing Analyzer ; 00:00:15     ; 1.0                     ; 217 MB              ; 00:00:14                           ;
; Total                     ; 00:01:38     ; --                      ; --                  ; 00:01:22                           ;
+---------------------------+--------------+-------------------------+---------------------+------------------------------------+


+-----------------------------------------------------------------------------------------+
; Flow OS Summary                                                                         ;
+---------------------------+------------------+------------+------------+----------------+
; Module Name               ; Machine Hostname ; OS Name    ; OS Version ; Processor type ;
+---------------------------+------------------+------------+------------+----------------+
; Analysis & Synthesis      ; nit-pc           ; Windows XP ; 5.1        ; i1586          ;
; Fitter                    ; nit-pc           ; Windows XP ; 5.1        ; i1586          ;
; Assembler                 ; nit-pc           ; Windows XP ; 5.1        ; i1586          ;
; TimeQuest Timing Analyzer ; nit-pc           ; Windows XP ; 5.1        ; i1586          ;
+---------------------------+------------------+------------+------------+----------------+


------------
; Flow Log ;
------------
quartus_map --read_settings_files=on --write_settings_files=off bilinear -c bilinear
quartus_fit --read_settings_files=off --write_settings_files=off bilinear -c bilinear
quartus_asm --read_settings_files=off --write_settings_files=off bilinear -c bilinear
quartus_sta bilinear -c bilinear



